<?xml version="1.0" encoding="UTF-8"?>
<!-- Generated by org.testng.reporters.JUnitReportReporter -->
<testsuite hostname="DESKTOP-5EGDKLG" failures="0" tests="1" name="projectStudy.ScreenShotEx" time="10.326" errors="0" timestamp="2024-08-23T22:53:47 IST" skipped="0">
  <testcase classname="projectStudy.ScreenShotEx" name="screen" time="10.326"/>
</testsuite> <!-- projectStudy.ScreenShotEx -->
