<?xml version="1.0" encoding="UTF-8"?>
<!-- Generated by org.testng.reporters.JUnitReportReporter -->
<testsuite hostname="DESKTOP-5EGDKLG" failures="0" tests="1" name="projectStudy.OpenMultipleWebPages" time="11.324" errors="0" timestamp="2024-08-23T22:51:35 IST" skipped="0">
  <testcase classname="projectStudy.OpenMultipleWebPages" name="webpage" time="11.324"/>
</testsuite> <!-- projectStudy.OpenMultipleWebPages -->
