<?xml version="1.0" encoding="UTF-8"?>
<!-- Generated by org.testng.reporters.JUnitReportReporter -->
<testsuite hostname="DESKTOP-5EGDKLG" failures="0" tests="2" name="TestNgStudy.MyFirstTestNGProg" time="0.068" errors="0" timestamp="2024-08-22T14:23:05 IST" skipped="0">
  <testcase classname="TestNgStudy.MyFirstTestNGProg" name="first" time="0.031"/>
  <testcase classname="TestNgStudy.MyFirstTestNGProg" name="second" time="0.037"/>
</testsuite> <!-- TestNgStudy.MyFirstTestNGProg -->
